{"numFailedTestSuites":1,"numFailedTests":3,"numPassedTestSuites":0,"numPassedTests":0,"numPendingTestSuites":0,"numPendingTests":0,"numRuntimeErrorTestSuites":0,"numTodoTests":0,"numTotalTestSuites":1,"numTotalTests":3,"openHandles":[],"snapshot":{"added":0,"didUpdate":false,"failure":false,"filesAdded":0,"filesRemoved":0,"filesRemovedList":[],"filesUnmatched":0,"filesUpdated":0,"matched":0,"total":0,"unchecked":0,"uncheckedKeysByFile":[],"unmatched":0,"updated":0},"startTime":1789336362195,"success":false,"testResults":[{"assertionResults":[{"ancestorTitles":["CareConnect user interactions"],"duration":171,"failureDetails":[{}],"failureMessages":["Error: Unable to find an element with text: Today's Highlights\n\n\u001b[36m<View>\u001b[39m\n  \u001b[36m<RCTSafeAreaView>\u001b[39m\n    \u001b[36m<View>\u001b[39m\n      \u001b[36m<View>\u001b[39m\n        \u001b[36m<View>\u001b[39m\n          \u001b[36m<View>\u001b[39m\n            \u001b[36m<Text>\u001b[39m\n              \u001b[0m◉\u001b[0m\n            \u001b[36m</Text>\u001b[39m\n          \u001b[36m</View>\u001b[39m\n          \u001b[36m<Text>\u001b[39m\n            \u001b[0mCareConnect\u001b[0m\n          \u001b[36m</Text>\u001b[39m\n        \u001b[36m</View>\u001b[39m\n        \u001b[36m<View\u001b[39m\n          \u001b[33maccessible\u001b[39m=\u001b[32m{true}\u001b[39m\n        \u001b[36m>\u001b[39m\n          \u001b[36m<Text>\u001b[39m\n            \u001b[0m◌\u001b[0m\n          \u001b[36m</Text>\u001b[39m\n          \u001b[36m<Text>\u001b[39m\n            \u001b[0mHighlights\u001b[0m\n          \u001b[36m</Text>\u001b[39m\n        \u001b[36m</View>\u001b[39m\n      \u001b[36m</View>\u001b[39m\n      \u001b[36m<View>\u001b[39m\n        \u001b[36m<Text>\u001b[39m\n          \u001b[0mGood morning,\u001b[0m\n        \u001b[36m</Text>\u001b[39m\n        \u001b[36m<Text>\u001b[39m\n          \u001b[0mJordan\u001b[0m\n        \u001b[36m</Text>\u001b[39m\n        \u001b[36m<Text>\u001b[39m\n          \u001b[0mSun, Aug 30\u001b[0m\n        \u001b[36m</Text>\u001b[39m\n      \u001b[36m</View>\u001b[39m\n      \u001b[36m<View>\u001b[39m\n        \u001b[36m<View>\u001b[39m\n          \u001b[36m<Text>\u001b[39m\n            \u001b[0m3\u001b[0m\n          \u001b[36m</Text>\u001b[39m\n          \u001b[36m<Text>\u001b[39m\n            \u001b[0mAppointments\u001b[0m\n          \u001b[36m</Text>\u001b[39m\n        \u001b[36m</View>\u001b[39m\n        \u001b[36m<View>\u001b[39m\n          \u001b[36m<Text>\u001b[39m\n            \u001b[0m4\u001b[0m\n          \u001b[36m</Text>\u001b[39m\n          \u001b[36m<Text>\u001b[39m\n            \u001b[0mMeds\u001b[0m\n          \u001b[36m</Text>\u001b[39m\n        \u001b[36m</View>\u001b[39m\n        \u001b[36m<View>\u001b[39m\n          \u001b[36m<Text>\u001b[39m\n            \u001b[0m2\u001b[0m\n          \u001b[36m</Text>\u001b[39m\n          \u001b[36m<Text>\u001b[39m\n            \u001b[0mUnread\u001b[0m\n          \u001b[36m</Text>\u001b[39m\n        \u001b[36m</View>\u001b[39m\n      \u001b[36m</View>\u001b[39m\n      \u001b[36m<View>\u001b[39m\n        \u001b[36m<View>\u001b[39m\n          \u001b[36m<Text>\u001b[39m\n            \u001b[0m🗓\u001b[0m\n          \u001b[36m</Text>\u001b[39m\n          \u001b[36m<Text>\u001b[39m\n            \u001b[0m2 appointments in the next 24 hours\u001b[0m\n          \u001b[36m</Text>\u001b[39m\n        \u001b[36m</View>\u001b[39m\n        \u001b[36m<View>\u001b[39m\n          \u001b[36m<View>\u001b[39m\n            \u001b[36m<Text>\u001b[39m\n              \u001b[0m◔\u001b[0m\n            \u001b[36m</Text>\u001b[39m\n            \u001b[36m<View>\u001b[39m\n              \u001b[36m<Text>\u001b[39m\n                \u001b[0mDr. Sarah Chen\u001b[0m\n              \u001b[36m</Text>\u001b[39m\n              \u001b[36m<Text>\u001b[39m\n                \u001b[0m5:21 PM ~ 4h away\u001b[0m\n              \u001b[36m</Text>\u001b[39m\n            \u001b[36m</View>\u001b[39m\n            \u001b[36m<View>\u001b[39m\n              \u001b[36m<Text>\u001b[39m\n                \u001b[0mIn-Person\u001b[0m\n              \u001b[36m</Text>\u001b[39m\n            \u001b[36m</View>\u001b[39m\n          \u001b[36m</View>\u001b[39m\n          \u001b[36m<View>\u001b[39m\n            \u001b[36m<Text>\u001b[39m\n              \u001b[0m◔\u001b[0m\n            \u001b[36m</Text>\u001b[39m\n            \u001b[36m<View>\u001b[39m\n              \u001b[36m<Text>\u001b[39m\n                \u001b[0mDr. Marcus Webb\u001b[0m\n              \u001b[36m</Text>\u001b[39m\n              \u001b[36m<Text>\u001b[39m\n                \u001b[0m11:21 AM ~ 22h away\u001b[0m\n              \u001b[36m</Text>\u001b[39m\n            \u001b[36m</View>\u001b[39m\n            \u001b[36m<View>\u001b[39m\n              \u001b[36m<Text>\u001b[39m\n                \u001b[0mTelehealth\u001b[0m\n              \u001b[36m</Text>\u001b[39m\n            \u001b[36m</View>\u001b[39m\n          \u001b[36m</View>\u001b[39m\n        \u001b[36m</View>\u001b[39m\n      \u001b[36m</View>\u001b[39m\n      \u001b[36m<View>\u001b[39m\n        \u001b[36m<View>\u001b[39m\n          \u001b[36m<Text>\u001b[39m\n            \u001b[0m⚠\u001b[0m\n          \u001b[36m</Text>\u001b[39m\n          \u001b[36m<Text>\u001b[39m\n            \u001b[0m2 missed doses today\u001b[0m\n          \u001b[36m</Text>\u001b[39m\n        \u001b[36m</View>\u001b[39m\n        \u001b[36m<View>\u001b[39m\n          \u001b[36m<View>\u001b[39m\n            \u001b[36m<Text>\u001b[39m\n              \u001b[0m◔\u001b[0m\n            \u001b[36m</Text>\u001b[39m\n            \u001b[36m<View>\u001b[39m\n              \u001b[36m<Text>\u001b[39m\n                \u001b[0mLisinopril 10 mg\u001b[0m\n              \u001b[36m</Text>\u001b[39m\n              \u001b[36m<Text>\u001b[39m\n                \u001b[0m8:00 AM • Once daily\u001b[0m\n              \u001b[36m</Text>\u001b[39m\n            \u001b[36m</View>\u001b[39m\n            \u001b[36m<View>\u001b[39m\n              \u001b[36m<Text>\u001b[39m\n                \u001b[0mMissed\u001b[0m\n              \u001b[36m</Text>\u001b[39m\n            \u001b[36m</View>\u001b[39m\n          \u001b[36m</View>\u001b[39m\n          \u001b[36m<View>\u001b[39m\n            \u001b[36m<Text>\u001b[39m\n              \u001b[0m◔\u001b[0m\n            \u001b[36m</Text>\u001b[39m\n            \u001b[36m<View>\u001b[39m\n              \u001b[36m<Text>\u001b[39m\n                \u001b[0mMetformin 500 mg\u001b[0m\n              \u001b[36m</Text>\u001b[39m\n              \u001b[36m<Text>\u001b[39m\n                \u001b[0m8:00 AM, 8:00 PM • Twice daily\u001b[0m\n              \u001b[36m</Text>\u001b[39m\n            \u001b[36m</View>\u001b[39m\n            \u001b[36m<View>\u001b[39m\n              \u001b[36m<Text>\u001b[39m\n                \u001b[0mMissed\u001b[0m\n              \u001b[36m</Text>\u001b[39m\n            \u001b[36m</View>\u001b[39m\n          \u001b[36m</View>\u001b[39m\n        \u001b[36m</View>\u001b[39m\n      \u001b[36m</View>\u001b[39m\n      \u001b[36m<View />\u001b[39m\n    \u001b[36m</View>\u001b[39m\n    \u001b[36m<View>\u001b[39m\n      \u001b[36m<View\u001b[39m\n        \u001b[33maccessible\u001b[39m=\u001b[32m{true}\u001b[39m\n      \u001b[36m>\u001b[39m\n        \u001b[36m<Text>\u001b[39m\n          \u001b[0m⌂\u001b[0m\n        \u001b[36m</Text>\u001b[39m\n        \u001b[36m<Text>\u001b[39m\n          \u001b[0mHome\u001b[0m\n        \u001b[36m</Text>\u001b[39m\n      \u001b[36m</View>\u001b[39m\n      \u001b[36m<View\u001b[39m\n        \u001b[33maccessible\u001b[39m=\u001b[32m{true}\u001b[39m\n      \u001b[36m>\u001b[39m\n        \u001b[36m<Text>\u001b[39m\n          \u001b[0m🗓\u001b[0m\n        \u001b[36m</Text>\u001b[39m\n        \u001b[36m<Text>\u001b[39m\n          \u001b[0mApps\u001b[0m\n        \u001b[36m</Text>\u001b[39m\n      \u001b[36m</View>\u001b[39m\n      \u001b[36m<View\u001b[39m\n        \u001b[33maccessible\u001b[39m=\u001b[32m{true}\u001b[39m\n      \u001b[36m>\u001b[39m\n        \u001b[36m<Text>\u001b[39m\n          \u001b[0m💊\u001b[0m\n        \u001b[36m</Text>\u001b[39m\n        \u001b[36m<Text>\u001b[39m\n          \u001b[0mMeds\u001b[0m\n        \u001b[36m</Text>\u001b[39m\n      \u001b[36m</View>\u001b[39m\n      \u001b[36m<View\u001b[39m\n        \u001b[33maccessible\u001b[39m=\u001b[32m{true}\u001b[39m\n      \u001b[36m>\u001b[39m\n        \u001b[36m<Text>\u001b[39m\n          \u001b[0m✉\u001b[0m\n        \u001b[36m</Text>\u001b[39m\n        \u001b[36m<Text>\u001b[39m\n          \u001b[0mInbox\u001b[0m\n        \u001b[36m</Text>\u001b[39m\n      \u001b[36m</View>\u001b[39m\n    \u001b[36m</View>\u001b[39m\n  \u001b[36m</RCTSafeAreaView>\u001b[39m\n\u001b[36m</View>\u001b[39m\n    at Object.getByText (C:\\Users\\keita\\SWEN661\\CareConnect-Team10\\mobile-react-native\\careconnect\\src\\app\\index.test.tsx:10:12)\n    at Generator.next (<anonymous>)\n    at asyncGeneratorStep (C:\\Users\\keita\\SWEN661\\CareConnect-Team10\\mobile-react-native\\careconnect\\node_modules\\@babel\\runtime\\helpers\\asyncToGenerator.js:3:17)\n    at _next (C:\\Users\\keita\\SWEN661\\CareConnect-Team10\\mobile-react-native\\careconnect\\node_modules\\@babel\\runtime\\helpers\\asyncToGenerator.js:17:9)"],"fullName":"CareConnect user interactions opens and closes the Highlights overlay","invocations":1,"location":null,"numPassingAsserts":0,"retryReasons":[],"status":"failed","title":"opens and closes the Highlights overlay"},{"ancestorTitles":["CareConnect user interactions"],"duration":7,"failureDetails":[{}],"failureMessages":["Error: Found multiple elements with text: Meds\n    at Object.getByText (C:\\Users\\keita\\SWEN661\\CareConnect-Team10\\mobile-react-native\\careconnect\\src\\app\\index.test.tsx:20:21)\n    at Generator.next (<anonymous>)\n    at asyncGeneratorStep (C:\\Users\\keita\\SWEN661\\CareConnect-Team10\\mobile-react-native\\careconnect\\node_modules\\@babel\\runtime\\helpers\\asyncToGenerator.js:3:17)\n    at _next (C:\\Users\\keita\\SWEN661\\CareConnect-Team10\\mobile-react-native\\careconnect\\node_modules\\@babel\\runtime\\helpers\\asyncToGenerator.js:17:9)"],"fullName":"CareConnect user interactions navigates from Home to Medications and then Add Medication","invocations":1,"location":null,"numPassingAsserts":0,"retryReasons":[],"status":"failed","title":"navigates from Home to Medications and then Add Medication"},{"ancestorTitles":["CareConnect user interactions"],"duration":5,"failureDetails":[{}],"failureMessages":["Error: Found multiple elements with text: Meds\n    at Object.getByText (C:\\Users\\keita\\SWEN661\\CareConnect-Team10\\mobile-react-native\\careconnect\\src\\app\\index.test.tsx:31:21)\n    at Generator.next (<anonymous>)\n    at asyncGeneratorStep (C:\\Users\\keita\\SWEN661\\CareConnect-Team10\\mobile-react-native\\careconnect\\node_modules\\@babel\\runtime\\helpers\\asyncToGenerator.js:3:17)\n    at _next (C:\\Users\\keita\\SWEN661\\CareConnect-Team10\\mobile-react-native\\careconnect\\node_modules\\@babel\\runtime\\helpers\\asyncToGenerator.js:17:9)"],"fullName":"CareConnect user interactions returns to Medications when saving or backing out of the add form","invocations":1,"location":null,"numPassingAsserts":0,"retryReasons":[],"status":"failed","title":"returns to Medications when saving or backing out of the add form"}],"endTime":1789336363245,"message":"\u001b[1m\u001b[31m  \u001b[1m● \u001b[22m\u001b[1mCareConnect user interactions › opens and closes the Highlights overlay\u001b[39m\u001b[22m\n\n    Unable to find an element with text: Today's Highlights\n\n    \u001b[36m<View>\u001b[39m\n      \u001b[36m<RCTSafeAreaView>\u001b[39m\n        \u001b[36m<View>\u001b[39m\n          \u001b[36m<View>\u001b[39m\n            \u001b[36m<View>\u001b[39m\n              \u001b[36m<View>\u001b[39m\n                \u001b[36m<Text>\u001b[39m\n                  \u001b[0m◉\u001b[0m\n                \u001b[36m</Text>\u001b[39m\n              \u001b[36m</View>\u001b[39m\n              \u001b[36m<Text>\u001b[39m\n                \u001b[0mCareConnect\u001b[0m\n              \u001b[36m</Text>\u001b[39m\n            \u001b[36m</View>\u001b[39m\n            \u001b[36m<View\u001b[39m\n              \u001b[33maccessible\u001b[39m=\u001b[32m{true}\u001b[39m\n            \u001b[36m>\u001b[39m\n              \u001b[36m<Text>\u001b[39m\n                \u001b[0m◌\u001b[0m\n              \u001b[36m</Text>\u001b[39m\n              \u001b[36m<Text>\u001b[39m\n                \u001b[0mHighlights\u001b[0m\n              \u001b[36m</Text>\u001b[39m\n            \u001b[36m</View>\u001b[39m\n          \u001b[36m</View>\u001b[39m\n          \u001b[36m<View>\u001b[39m\n            \u001b[36m<Text>\u001b[39m\n              \u001b[0mGood morning,\u001b[0m\n            \u001b[36m</Text>\u001b[39m\n            \u001b[36m<Text>\u001b[39m\n              \u001b[0mJordan\u001b[0m\n            \u001b[36m</Text>\u001b[39m\n            \u001b[36m<Text>\u001b[39m\n              \u001b[0mSun, Aug 30\u001b[0m\n            \u001b[36m</Text>\u001b[39m\n          \u001b[36m</View>\u001b[39m\n          \u001b[36m<View>\u001b[39m\n            \u001b[36m<View>\u001b[39m\n              \u001b[36m<Text>\u001b[39m\n                \u001b[0m3\u001b[0m\n              \u001b[36m</Text>\u001b[39m\n              \u001b[36m<Text>\u001b[39m\n                \u001b[0mAppointments\u001b[0m\n              \u001b[36m</Text>\u001b[39m\n            \u001b[36m</View>\u001b[39m\n            \u001b[36m<View>\u001b[39m\n              \u001b[36m<Text>\u001b[39m\n                \u001b[0m4\u001b[0m\n              \u001b[36m</Text>\u001b[39m\n              \u001b[36m<Text>\u001b[39m\n                \u001b[0mMeds\u001b[0m\n              \u001b[36m</Text>\u001b[39m\n            \u001b[36m</View>\u001b[39m\n            \u001b[36m<View>\u001b[39m\n              \u001b[36m<Text>\u001b[39m\n                \u001b[0m2\u001b[0m\n              \u001b[36m</Text>\u001b[39m\n              \u001b[36m<Text>\u001b[39m\n                \u001b[0mUnread\u001b[0m\n              \u001b[36m</Text>\u001b[39m\n            \u001b[36m</View>\u001b[39m\n          \u001b[36m</View>\u001b[39m\n          \u001b[36m<View>\u001b[39m\n            \u001b[36m<View>\u001b[39m\n              \u001b[36m<Text>\u001b[39m\n                \u001b[0m🗓\u001b[0m\n              \u001b[36m</Text>\u001b[39m\n              \u001b[36m<Text>\u001b[39m\n                \u001b[0m2 appointments in the next 24 hours\u001b[0m\n              \u001b[36m</Text>\u001b[39m\n            \u001b[36m</View>\u001b[39m\n            \u001b[36m<View>\u001b[39m\n              \u001b[36m<View>\u001b[39m\n                \u001b[36m<Text>\u001b[39m\n                  \u001b[0m◔\u001b[0m\n                \u001b[36m</Text>\u001b[39m\n                \u001b[36m<View>\u001b[39m\n                  \u001b[36m<Text>\u001b[39m\n                    \u001b[0mDr. Sarah Chen\u001b[0m\n                  \u001b[36m</Text>\u001b[39m\n                  \u001b[36m<Text>\u001b[39m\n                    \u001b[0m5:21 PM ~ 4h away\u001b[0m\n                  \u001b[36m</Text>\u001b[39m\n                \u001b[36m</View>\u001b[39m\n                \u001b[36m<View>\u001b[39m\n                  \u001b[36m<Text>\u001b[39m\n                    \u001b[0mIn-Person\u001b[0m\n                  \u001b[36m</Text>\u001b[39m\n                \u001b[36m</View>\u001b[39m\n              \u001b[36m</View>\u001b[39m\n              \u001b[36m<View>\u001b[39m\n                \u001b[36m<Text>\u001b[39m\n                  \u001b[0m◔\u001b[0m\n                \u001b[36m</Text>\u001b[39m\n                \u001b[36m<View>\u001b[39m\n                  \u001b[36m<Text>\u001b[39m\n                    \u001b[0mDr. Marcus Webb\u001b[0m\n                  \u001b[36m</Text>\u001b[39m\n                  \u001b[36m<Text>\u001b[39m\n                    \u001b[0m11:21 AM ~ 22h away\u001b[0m\n                  \u001b[36m</Text>\u001b[39m\n                \u001b[36m</View>\u001b[39m\n                \u001b[36m<View>\u001b[39m\n                  \u001b[36m<Text>\u001b[39m\n                    \u001b[0mTelehealth\u001b[0m\n                  \u001b[36m</Text>\u001b[39m\n                \u001b[36m</View>\u001b[39m\n              \u001b[36m</View>\u001b[39m\n            \u001b[36m</View>\u001b[39m\n          \u001b[36m</View>\u001b[39m\n          \u001b[36m<View>\u001b[39m\n            \u001b[36m<View>\u001b[39m\n              \u001b[36m<Text>\u001b[39m\n                \u001b[0m⚠\u001b[0m\n              \u001b[36m</Text>\u001b[39m\n              \u001b[36m<Text>\u001b[39m\n                \u001b[0m2 missed doses today\u001b[0m\n              \u001b[36m</Text>\u001b[39m\n            \u001b[36m</View>\u001b[39m\n            \u001b[36m<View>\u001b[39m\n              \u001b[36m<View>\u001b[39m\n                \u001b[36m<Text>\u001b[39m\n                  \u001b[0m◔\u001b[0m\n                \u001b[36m</Text>\u001b[39m\n                \u001b[36m<View>\u001b[39m\n                  \u001b[36m<Text>\u001b[39m\n                    \u001b[0mLisinopril 10 mg\u001b[0m\n                  \u001b[36m</Text>\u001b[39m\n                  \u001b[36m<Text>\u001b[39m\n                    \u001b[0m8:00 AM • Once daily\u001b[0m\n                  \u001b[36m</Text>\u001b[39m\n                \u001b[36m</View>\u001b[39m\n                \u001b[36m<View>\u001b[39m\n                  \u001b[36m<Text>\u001b[39m\n                    \u001b[0mMissed\u001b[0m\n                  \u001b[36m</Text>\u001b[39m\n                \u001b[36m</View>\u001b[39m\n              \u001b[36m</View>\u001b[39m\n              \u001b[36m<View>\u001b[39m\n                \u001b[36m<Text>\u001b[39m\n                  \u001b[0m◔\u001b[0m\n                \u001b[36m</Text>\u001b[39m\n                \u001b[36m<View>\u001b[39m\n                  \u001b[36m<Text>\u001b[39m\n                    \u001b[0mMetformin 500 mg\u001b[0m\n                  \u001b[36m</Text>\u001b[39m\n                  \u001b[36m<Text>\u001b[39m\n                    \u001b[0m8:00 AM, 8:00 PM • Twice daily\u001b[0m\n                  \u001b[36m</Text>\u001b[39m\n                \u001b[36m</View>\u001b[39m\n                \u001b[36m<View>\u001b[39m\n                  \u001b[36m<Text>\u001b[39m\n                    \u001b[0mMissed\u001b[0m\n                  \u001b[36m</Text>\u001b[39m\n                \u001b[36m</View>\u001b[39m\n              \u001b[36m</View>\u001b[39m\n            \u001b[36m</View>\u001b[39m\n          \u001b[36m</View>\u001b[39m\n          \u001b[36m<View />\u001b[39m\n        \u001b[36m</View>\u001b[39m\n        \u001b[36m<View>\u001b[39m\n          \u001b[36m<View\u001b[39m\n            \u001b[33maccessible\u001b[39m=\u001b[32m{true}\u001b[39m\n          \u001b[36m>\u001b[39m\n            \u001b[36m<Text>\u001b[39m\n              \u001b[0m⌂\u001b[0m\n            \u001b[36m</Text>\u001b[39m\n            \u001b[36m<Text>\u001b[39m\n              \u001b[0mHome\u001b[0m\n            \u001b[36m</Text>\u001b[39m\n          \u001b[36m</View>\u001b[39m\n          \u001b[36m<View\u001b[39m\n            \u001b[33maccessible\u001b[39m=\u001b[32m{true}\u001b[39m\n          \u001b[36m>\u001b[39m\n            \u001b[36m<Text>\u001b[39m\n              \u001b[0m🗓\u001b[0m\n            \u001b[36m</Text>\u001b[39m\n            \u001b[36m<Text>\u001b[39m\n              \u001b[0mApps\u001b[0m\n            \u001b[36m</Text>\u001b[39m\n          \u001b[36m</View>\u001b[39m\n          \u001b[36m<View\u001b[39m\n            \u001b[33maccessible\u001b[39m=\u001b[32m{true}\u001b[39m\n          \u001b[36m>\u001b[39m\n            \u001b[36m<Text>\u001b[39m\n              \u001b[0m💊\u001b[0m\n            \u001b[36m</Text>\u001b[39m\n            \u001b[36m<Text>\u001b[39m\n              \u001b[0mMeds\u001b[0m\n            \u001b[36m</Text>\u001b[39m\n          \u001b[36m</View>\u001b[39m\n          \u001b[36m<View\u001b[39m\n            \u001b[33maccessible\u001b[39m=\u001b[32m{true}\u001b[39m\n          \u001b[36m>\u001b[39m\n            \u001b[36m<Text>\u001b[39m\n              \u001b[0m✉\u001b[0m\n            \u001b[36m</Text>\u001b[39m\n            \u001b[36m<Text>\u001b[39m\n              \u001b[0mInbox\u001b[0m\n            \u001b[36m</Text>\u001b[39m\n          \u001b[36m</View>\u001b[39m\n        \u001b[36m</View>\u001b[39m\n      \u001b[36m</RCTSafeAreaView>\u001b[39m\n    \u001b[36m</View>\u001b[39m\n\u001b[2m\u001b[22m\n\u001b[2m    \u001b[0m \u001b[90m  8 |\u001b[39m\u001b[22m\n\u001b[2m     \u001b[90m  9 |\u001b[39m     fireEvent\u001b[33m.\u001b[39mpress(getByText(\u001b[32m\"Highlights\"\u001b[39m))\u001b[33m;\u001b[39m\u001b[22m\n\u001b[2m    \u001b[31m\u001b[1m>\u001b[22m\u001b[2m\u001b[39m\u001b[90m 10 |\u001b[39m     expect(getByText(\u001b[32m\"Today's Highlights\"\u001b[39m))\u001b[33m.\u001b[39mtoBeTruthy()\u001b[33m;\u001b[39m\u001b[22m\n\u001b[2m     \u001b[90m    |\u001b[39m            \u001b[31m\u001b[1m^\u001b[22m\u001b[2m\u001b[39m\u001b[22m\n\u001b[2m     \u001b[90m 11 |\u001b[39m     expect(queryByText(\u001b[32m\"Close\"\u001b[39m))\u001b[33m.\u001b[39mtoBeTruthy()\u001b[33m;\u001b[39m\u001b[22m\n\u001b[2m     \u001b[90m 12 |\u001b[39m\u001b[22m\n\u001b[2m     \u001b[90m 13 |\u001b[39m     fireEvent\u001b[33m.\u001b[39mpress(getByText(\u001b[32m\"Close\"\u001b[39m))\u001b[33m;\u001b[39m\u001b[0m\u001b[22m\n\u001b[2m\u001b[22m\n\u001b[2m      \u001b[2mat Object.getByText (\u001b[22m\u001b[2m\u001b[0m\u001b[36msrc/app/index.test.tsx\u001b[39m\u001b[0m\u001b[2m:10:12)\u001b[22m\u001b[2m\u001b[22m\n\u001b[2m      \u001b[2mat asyncGeneratorStep (\u001b[22m\u001b[2mnode_modules/@babel/runtime/helpers/asyncToGenerator.js\u001b[2m:3:17)\u001b[22m\u001b[2m\u001b[22m\n\u001b[2m      \u001b[2mat _next (\u001b[22m\u001b[2mnode_modules/@babel/runtime/helpers/asyncToGenerator.js\u001b[2m:17:9)\u001b[22m\u001b[2m\u001b[22m\n\n\u001b[1m\u001b[31m  \u001b[1m● \u001b[22m\u001b[1mCareConnect user interactions › navigates from Home to Medications and then Add Medication\u001b[39m\u001b[22m\n\n    Found multiple elements with text: Meds\n\u001b[2m\u001b[22m\n\u001b[2m    \u001b[0m \u001b[90m 18 |\u001b[39m     \u001b[36mconst\u001b[39m { getByText } \u001b[33m=\u001b[39m \u001b[36mawait\u001b[39m render(\u001b[33m<\u001b[39m\u001b[33mIndex\u001b[39m \u001b[33m/\u001b[39m\u001b[33m>\u001b[39m)\u001b[33m;\u001b[39m\u001b[22m\n\u001b[2m     \u001b[90m 19 |\u001b[39m\u001b[22m\n\u001b[2m    \u001b[31m\u001b[1m>\u001b[22m\u001b[2m\u001b[39m\u001b[90m 20 |\u001b[39m     fireEvent\u001b[33m.\u001b[39mpress(getByText(\u001b[32m\"Meds\"\u001b[39m))\u001b[33m;\u001b[39m\u001b[22m\n\u001b[2m     \u001b[90m    |\u001b[39m                     \u001b[31m\u001b[1m^\u001b[22m\u001b[2m\u001b[39m\u001b[22m\n\u001b[2m     \u001b[90m 21 |\u001b[39m     expect(getByText(\u001b[32m\"Medications\"\u001b[39m))\u001b[33m.\u001b[39mtoBeTruthy()\u001b[33m;\u001b[39m\u001b[22m\n\u001b[2m     \u001b[90m 22 |\u001b[39m\u001b[22m\n\u001b[2m     \u001b[90m 23 |\u001b[39m     fireEvent\u001b[33m.\u001b[39mpress(getByText(\u001b[32m\"+  Add Medication\"\u001b[39m))\u001b[33m;\u001b[39m\u001b[0m\u001b[22m\n\u001b[2m\u001b[22m\n\u001b[2m      \u001b[2mat Object.getByText (\u001b[22m\u001b[2m\u001b[0m\u001b[36msrc/app/index.test.tsx\u001b[39m\u001b[0m\u001b[2m:20:21)\u001b[22m\u001b[2m\u001b[22m\n\u001b[2m      \u001b[2mat asyncGeneratorStep (\u001b[22m\u001b[2mnode_modules/@babel/runtime/helpers/asyncToGenerator.js\u001b[2m:3:17)\u001b[22m\u001b[2m\u001b[22m\n\u001b[2m      \u001b[2mat _next (\u001b[22m\u001b[2mnode_modules/@babel/runtime/helpers/asyncToGenerator.js\u001b[2m:17:9)\u001b[22m\u001b[2m\u001b[22m\n\n\u001b[1m\u001b[31m  \u001b[1m● \u001b[22m\u001b[1mCareConnect user interactions › returns to Medications when saving or backing out of the add form\u001b[39m\u001b[22m\n\n    Found multiple elements with text: Meds\n\u001b[2m\u001b[22m\n\u001b[2m    \u001b[0m \u001b[90m 29 |\u001b[39m     \u001b[36mconst\u001b[39m { getByText } \u001b[33m=\u001b[39m \u001b[36mawait\u001b[39m render(\u001b[33m<\u001b[39m\u001b[33mIndex\u001b[39m \u001b[33m/\u001b[39m\u001b[33m>\u001b[39m)\u001b[33m;\u001b[39m\u001b[22m\n\u001b[2m     \u001b[90m 30 |\u001b[39m\u001b[22m\n\u001b[2m    \u001b[31m\u001b[1m>\u001b[22m\u001b[2m\u001b[39m\u001b[90m 31 |\u001b[39m     fireEvent\u001b[33m.\u001b[39mpress(getByText(\u001b[32m\"Meds\"\u001b[39m))\u001b[33m;\u001b[39m\u001b[22m\n\u001b[2m     \u001b[90m    |\u001b[39m                     \u001b[31m\u001b[1m^\u001b[22m\u001b[2m\u001b[39m\u001b[22m\n\u001b[2m     \u001b[90m 32 |\u001b[39m     fireEvent\u001b[33m.\u001b[39mpress(getByText(\u001b[32m\"+  Add Medication\"\u001b[39m))\u001b[33m;\u001b[39m\u001b[22m\n\u001b[2m     \u001b[90m 33 |\u001b[39m     fireEvent\u001b[33m.\u001b[39mpress(getByText(\u001b[32m\"✓ Save Medication\"\u001b[39m))\u001b[33m;\u001b[39m\u001b[22m\n\u001b[2m     \u001b[90m 34 |\u001b[39m     expect(getByText(\u001b[32m\"Medications\"\u001b[39m))\u001b[33m.\u001b[39mtoBeTruthy()\u001b[33m;\u001b[39m\u001b[0m\u001b[22m\n\u001b[2m\u001b[22m\n\u001b[2m      \u001b[2mat Object.getByText (\u001b[22m\u001b[2m\u001b[0m\u001b[36msrc/app/index.test.tsx\u001b[39m\u001b[0m\u001b[2m:31:21)\u001b[22m\u001b[2m\u001b[22m\n\u001b[2m      \u001b[2mat asyncGeneratorStep (\u001b[22m\u001b[2mnode_modules/@babel/runtime/helpers/asyncToGenerator.js\u001b[2m:3:17)\u001b[22m\u001b[2m\u001b[22m\n\u001b[2m      \u001b[2mat _next (\u001b[22m\u001b[2mnode_modules/@babel/runtime/helpers/asyncToGenerator.js\u001b[2m:17:9)\u001b[22m\u001b[2m\u001b[22m\n","name":"C:\\Users\\keita\\SWEN661\\CareConnect-Team10\\mobile-react-native\\careconnect\\src\\app\\index.test.tsx","startTime":1789336362323,"status":"failed","summary":""}],"wasInterrupted":false}
