<?xml version="1.0" encoding="UTF-8"?>
<coverage generated="1789436830429" clover="3.2.0">
  <project timestamp="1789436830430" name="All files">
    <metrics statements="60" coveredstatements="56" conditionals="73" coveredconditionals="66" methods="31" coveredmethods="27" elements="164" coveredelements="149" complexity="0" loc="60" ncloc="60" packages="5" files="10" classes="10"/>
    <package name="components">
      <metrics statements="12" coveredstatements="11" conditionals="27" coveredconditionals="23" methods="6" coveredmethods="5"/>
      <file name="app-button.tsx" path="C:\Users\13016\CareConnectTeam10React\src\components\app-button.tsx">
        <metrics statements="3" coveredstatements="3" conditionals="17" coveredconditionals="14" methods="2" coveredmethods="2"/>
        <line num="21" count="23" type="stmt"/>
        <line num="26" count="23" type="stmt"/>
        <line num="50" count="2" type="stmt"/>
      </file>
      <file name="bottom-nav.tsx" path="C:\Users\13016\CareConnectTeam10React\src\components\bottom-nav.tsx">
        <metrics statements="9" coveredstatements="8" conditionals="10" coveredconditionals="9" methods="4" coveredmethods="3"/>
        <line num="6" count="1" type="stmt"/>
        <line num="14" count="8" type="stmt"/>
        <line num="15" count="8" type="stmt"/>
        <line num="17" count="8" type="stmt"/>
        <line num="20" count="32" type="stmt"/>
        <line num="21" count="32" type="stmt"/>
        <line num="27" count="0" type="stmt"/>
        <line num="28" count="32" type="cond" truecount="1" falsecount="1"/>
        <line num="43" count="1" type="stmt"/>
      </file>
    </package>
    <package name="hooks">
      <metrics statements="3" coveredstatements="3" conditionals="0" coveredconditionals="0" methods="2" coveredmethods="2"/>
      <file name="use-home-flow.ts" path="C:\Users\13016\CareConnectTeam10React\src\hooks\use-home-flow.ts">
        <metrics statements="3" coveredstatements="3" conditionals="0" coveredconditionals="0" methods="2" coveredmethods="2"/>
        <line num="7" count="10" type="stmt"/>
        <line num="9" count="10" type="stmt"/>
        <line num="11" count="10" type="stmt"/>
      </file>
    </package>
    <package name="screens">
      <metrics statements="39" coveredstatements="36" conditionals="42" coveredconditionals="39" methods="21" coveredmethods="18"/>
      <file name="inbox.tsx" path="C:\Users\13016\CareConnectTeam10React\src\screens\inbox.tsx">
        <metrics statements="39" coveredstatements="36" conditionals="42" coveredconditionals="39" methods="21" coveredmethods="18"/>
        <line num="8" count="1" type="stmt"/>
        <line num="17" count="1" type="stmt"/>
        <line num="23" count="8" type="stmt"/>
        <line num="24" count="8" type="stmt"/>
        <line num="25" count="8" type="stmt"/>
        <line num="26" count="8" type="stmt"/>
        <line num="27" count="8" type="cond" truecount="1" falsecount="1"/>
        <line num="30" count="2" type="cond" truecount="2" falsecount="0"/>
        <line num="31" count="1" type="stmt"/>
        <line num="35" count="1" type="stmt"/>
        <line num="36" count="1" type="stmt"/>
        <line num="37" count="1" type="stmt"/>
        <line num="38" count="1" type="stmt"/>
        <line num="39" count="1" type="stmt"/>
        <line num="42" count="8" type="stmt"/>
        <line num="47" count="2" type="stmt"/>
        <line num="51" count="17" type="cond" truecount="3" falsecount="1"/>
        <line num="52" count="34" type="stmt"/>
        <line num="65" count="0" type="stmt"/>
        <line num="66" count="0" type="stmt"/>
        <line num="72" count="9" type="stmt"/>
        <line num="75" count="1" type="stmt"/>
        <line num="76" count="1" type="cond" truecount="3" falsecount="1"/>
        <line num="77" count="1" type="stmt"/>
        <line num="78" count="1" type="stmt"/>
        <line num="81" count="9" type="stmt"/>
        <line num="86" count="5" type="cond" truecount="4" falsecount="0"/>
        <line num="95" count="11" type="stmt"/>
        <line num="96" count="11" type="stmt"/>
        <line num="97" count="11" type="stmt"/>
        <line num="99" count="0" type="stmt"/>
        <line num="101" count="2" type="cond" truecount="4" falsecount="0"/>
        <line num="102" count="1" type="stmt"/>
        <line num="103" count="1" type="stmt"/>
        <line num="104" count="1" type="stmt"/>
        <line num="105" count="1" type="stmt"/>
        <line num="108" count="11" type="stmt"/>
        <line num="113" count="33" type="cond" truecount="2" falsecount="0"/>
        <line num="123" count="1" type="stmt"/>
      </file>
    </package>
    <package name="theme">
      <metrics statements="2" coveredstatements="2" conditionals="0" coveredconditionals="0" methods="0" coveredmethods="0"/>
      <file name="colors.ts" path="C:\Users\13016\CareConnectTeam10React\src\theme\colors.ts">
        <metrics statements="1" coveredstatements="1" conditionals="0" coveredconditionals="0" methods="0" coveredmethods="0"/>
        <line num="4" count="2" type="stmt"/>
      </file>
      <file name="index.ts" path="C:\Users\13016\CareConnectTeam10React\src\theme\index.ts">
        <metrics statements="0" coveredstatements="0" conditionals="0" coveredconditionals="0" methods="0" coveredmethods="0"/>
      </file>
      <file name="spacing.ts" path="C:\Users\13016\CareConnectTeam10React\src\theme\spacing.ts">
        <metrics statements="1" coveredstatements="1" conditionals="0" coveredconditionals="0" methods="0" coveredmethods="0"/>
        <line num="1" count="2" type="stmt"/>
      </file>
    </package>
    <package name="utils">
      <metrics statements="4" coveredstatements="4" conditionals="4" coveredconditionals="4" methods="2" coveredmethods="2"/>
      <file name="format-date.ts" path="C:\Users\13016\CareConnectTeam10React\src\utils\format-date.ts">
        <metrics statements="1" coveredstatements="1" conditionals="0" coveredconditionals="0" methods="1" coveredmethods="1"/>
        <line num="2" count="1" type="stmt"/>
      </file>
      <file name="navigation.ts" path="C:\Users\13016\CareConnectTeam10React\src\utils\navigation.ts">
        <metrics statements="2" coveredstatements="2" conditionals="4" coveredconditionals="4" methods="1" coveredmethods="1"/>
        <line num="4" count="14" type="cond" truecount="4" falsecount="0"/>
        <line num="5" count="9" type="stmt"/>
      </file>
      <file name="theme.ts" path="C:\Users\13016\CareConnectTeam10React\src\utils\theme.ts">
        <metrics statements="1" coveredstatements="1" conditionals="0" coveredconditionals="0" methods="0" coveredmethods="0"/>
        <line num="1" count="1" type="stmt"/>
      </file>
    </package>
  </project>
</coverage>
