{"C:\\Users\\13016\\CareConnectTeam10React\\src\\components\\app-button.tsx": {"path":"C:\\Users\\13016\\CareConnectTeam10React\\src\\components\\app-button.tsx","statementMap":{"0":{"start":{"line":21,"column":2},"end":{"line":47,"column":4}},"1":{"start":{"line":26,"column":30},"end":{"line":32,"column":7}},"2":{"start":{"line":50,"column":15},"end":{"line":69,"column":2}}},"fnMap":{"0":{"name":"AppButton","decl":{"start":{"line":14,"column":16},"end":{"line":14,"column":25}},"loc":{"start":{"line":20,"column":19},"end":{"line":48,"column":1}},"line":20},"1":{"name":"(anonymous_1)","decl":{"start":{"line":26,"column":13},"end":{"line":26,"column":14}},"loc":{"start":{"line":26,"column":30},"end":{"line":32,"column":7}},"line":26}},"branchMap":{"0":{"loc":{"start":{"line":18,"column":2},"end":{"line":18,"column":21}},"type":"default-arg","locations":[{"start":{"line":18,"column":12},"end":{"line":18,"column":21}}],"line":18},"1":{"loc":{"start":{"line":24,"column":26},"end":{"line":24,"column":53}},"type":"binary-expr","locations":[{"start":{"line":24,"column":26},"end":{"line":24,"column":44}},{"start":{"line":24,"column":48},"end":{"line":24,"column":53}}],"line":24},"2":{"loc":{"start":{"line":28,"column":8},"end":{"line":28,"column":47}},"type":"binary-expr","locations":[{"start":{"line":28,"column":8},"end":{"line":28,"column":29}},{"start":{"line":28,"column":33},"end":{"line":28,"column":47}}],"line":28},"3":{"loc":{"start":{"line":29,"column":8},"end":{"line":29,"column":51}},"type":"binary-expr","locations":[{"start":{"line":29,"column":8},"end":{"line":29,"column":31}},{"start":{"line":29,"column":35},"end":{"line":29,"column":51}}],"line":29},"4":{"loc":{"start":{"line":30,"column":8},"end":{"line":30,"column":43}},"type":"binary-expr","locations":[{"start":{"line":30,"column":8},"end":{"line":30,"column":27}},{"start":{"line":30,"column":31},"end":{"line":30,"column":43}}],"line":30},"5":{"loc":{"start":{"line":31,"column":8},"end":{"line":31,"column":33}},"type":"binary-expr","locations":[{"start":{"line":31,"column":8},"end":{"line":31,"column":15}},{"start":{"line":31,"column":19},"end":{"line":31,"column":33}}],"line":31},"6":{"loc":{"start":{"line":39,"column":10},"end":{"line":39,"column":54}},"type":"binary-expr","locations":[{"start":{"line":39,"column":10},"end":{"line":39,"column":31}},{"start":{"line":39,"column":35},"end":{"line":39,"column":54}}],"line":39},"7":{"loc":{"start":{"line":40,"column":10},"end":{"line":40,"column":58}},"type":"binary-expr","locations":[{"start":{"line":40,"column":10},"end":{"line":40,"column":33}},{"start":{"line":40,"column":37},"end":{"line":40,"column":58}}],"line":40},"8":{"loc":{"start":{"line":41,"column":10},"end":{"line":41,"column":50}},"type":"binary-expr","locations":[{"start":{"line":41,"column":10},"end":{"line":41,"column":29}},{"start":{"line":41,"column":33},"end":{"line":41,"column":50}}],"line":41}},"s":{"0":23,"1":23,"2":2},"f":{"0":23,"1":23},"b":{"0":[18],"1":[23,11],"2":[23,18],"3":[23,5],"4":[23,0],"5":[23,0],"6":[23,18],"7":[23,5],"8":[23,0]},"_coverageSchema":"1a1c01bbd47fc00a2c39e90264f33305004495a9","hash":"163560ea1ee6e6719e7f6c6140dc3ab847f6e233"}
,"C:\\Users\\13016\\CareConnectTeam10React\\src\\components\\bottom-nav.tsx": {"path":"C:\\Users\\13016\\CareConnectTeam10React\\src\\components\\bottom-nav.tsx","statementMap":{"0":{"start":{"line":6,"column":21},"end":{"line":11,"column":10}},"1":{"start":{"line":14,"column":17},"end":{"line":14,"column":28}},"2":{"start":{"line":15,"column":19},"end":{"line":15,"column":32}},"3":{"start":{"line":17,"column":2},"end":{"line":40,"column":4}},"4":{"start":{"line":20,"column":25},"end":{"line":20,"column":55}},"5":{"start":{"line":21,"column":8},"end":{"line":37,"column":10}},"6":{"start":{"line":27,"column":27},"end":{"line":27,"column":67}},"7":{"start":{"line":28,"column":36},"end":{"line":28,"column":76}},"8":{"start":{"line":43,"column":15},"end":{"line":63,"column":2}}},"fnMap":{"0":{"name":"BottomNav","decl":{"start":{"line":13,"column":16},"end":{"line":13,"column":25}},"loc":{"start":{"line":13,"column":28},"end":{"line":41,"column":1}},"line":13},"1":{"name":"(anonymous_1)","decl":{"start":{"line":19,"column":24},"end":{"line":19,"column":25}},"loc":{"start":{"line":19,"column":41},"end":{"line":38,"column":7}},"line":19},"2":{"name":"(anonymous_2)","decl":{"start":{"line":27,"column":21},"end":{"line":27,"column":22}},"loc":{"start":{"line":27,"column":27},"end":{"line":27,"column":67}},"line":27},"3":{"name":"(anonymous_3)","decl":{"start":{"line":28,"column":19},"end":{"line":28,"column":20}},"loc":{"start":{"line":28,"column":36},"end":{"line":28,"column":76}},"line":28}},"branchMap":{"0":{"loc":{"start":{"line":26,"column":55},"end":{"line":26,"column":83}},"type":"cond-expr","locations":[{"start":{"line":26,"column":66},"end":{"line":26,"column":78}},{"start":{"line":26,"column":81},"end":{"line":26,"column":83}}],"line":26},"1":{"loc":{"start":{"line":28,"column":50},"end":{"line":28,"column":75}},"type":"binary-expr","locations":[{"start":{"line":28,"column":50},"end":{"line":28,"column":57}},{"start":{"line":28,"column":61},"end":{"line":28,"column":75}}],"line":28},"2":{"loc":{"start":{"line":30,"column":43},"end":{"line":30,"column":78}},"type":"binary-expr","locations":[{"start":{"line":30,"column":43},"end":{"line":30,"column":51}},{"start":{"line":30,"column":55},"end":{"line":30,"column":78}}],"line":30},"3":{"loc":{"start":{"line":31,"column":42},"end":{"line":31,"column":74}},"type":"binary-expr","locations":[{"start":{"line":31,"column":42},"end":{"line":31,"column":50}},{"start":{"line":31,"column":54},"end":{"line":31,"column":74}}],"line":31},"4":{"loc":{"start":{"line":33,"column":51},"end":{"line":33,"column":83}},"type":"binary-expr","locations":[{"start":{"line":33,"column":51},"end":{"line":33,"column":59}},{"start":{"line":33,"column":63},"end":{"line":33,"column":83}}],"line":33}},"s":{"0":1,"1":8,"2":8,"3":8,"4":32,"5":32,"6":0,"7":32,"8":1},"f":{"0":8,"1":32,"2":0,"3":32},"b":{"0":[8,24],"1":[32,0],"2":[32,8],"3":[32,8],"4":[32,8]},"_coverageSchema":"1a1c01bbd47fc00a2c39e90264f33305004495a9","hash":"651ca3f13f0dd0e9cff86d2f369d26066d3387b7"}
,"C:\\Users\\13016\\CareConnectTeam10React\\src\\screens\\inbox.tsx": {"path":"C:\\Users\\13016\\CareConnectTeam10React\\src\\screens\\inbox.tsx","statementMap":{"0":{"start":{"line":8,"column":18},"end":{"line":12,"column":10}},"1":{"start":{"line":17,"column":33},"end":{"line":20,"column":1}},"2":{"start":{"line":23,"column":32},"end":{"line":23,"column":56}},"3":{"start":{"line":24,"column":42},"end":{"line":24,"column":71}},"4":{"start":{"line":25,"column":52},"end":{"line":25,"column":67}},"5":{"start":{"line":26,"column":28},"end":{"line":26,"column":49}},"6":{"start":{"line":27,"column":15},"end":{"line":27,"column":45}},"7":{"start":{"line":30,"column":4},"end":{"line":30,"column":124}},"8":{"start":{"line":30,"column":35},"end":{"line":30,"column":122}},"9":{"start":{"line":30,"column":66},"end":{"line":30,"column":121}},"10":{"start":{"line":31,"column":4},"end":{"line":31,"column":35}},"11":{"start":{"line":35,"column":29},"end":{"line":35,"column":90}},"12":{"start":{"line":36,"column":27},"end":{"line":36,"column":146}},"13":{"start":{"line":37,"column":4},"end":{"line":37,"column":64}},"14":{"start":{"line":37,"column":35},"end":{"line":37,"column":62}},"15":{"start":{"line":38,"column":4},"end":{"line":38,"column":32}},"16":{"start":{"line":39,"column":4},"end":{"line":39,"column":28}},"17":{"start":{"line":42,"column":2},"end":{"line":68,"column":4}},"18":{"start":{"line":47,"column":104},"end":{"line":47,"column":130}},"19":{"start":{"line":51,"column":10},"end":{"line":59,"column":22}},"20":{"start":{"line":51,"column":52},"end":{"line":51,"column":75}},"21":{"start":{"line":51,"column":101},"end":{"line":51,"column":178}},"22":{"start":{"line":52,"column":129},"end":{"line":52,"column":136}},"23":{"start":{"line":65,"column":68},"end":{"line":65,"column":89}},"24":{"start":{"line":66,"column":78},"end":{"line":66,"column":105}},"25":{"start":{"line":72,"column":28},"end":{"line":72,"column":40}},"26":{"start":{"line":75,"column":17},"end":{"line":75,"column":29}},"27":{"start":{"line":76,"column":4},"end":{"line":76,"column":33}},"28":{"start":{"line":76,"column":26},"end":{"line":76,"column":33}},"29":{"start":{"line":77,"column":4},"end":{"line":77,"column":171}},"30":{"start":{"line":78,"column":4},"end":{"line":78,"column":17}},"31":{"start":{"line":81,"column":2},"end":{"line":91,"column":4}},"32":{"start":{"line":86,"column":132},"end":{"line":86,"column":459}},"33":{"start":{"line":95,"column":50},"end":{"line":95,"column":99}},"34":{"start":{"line":96,"column":32},"end":{"line":96,"column":44}},"35":{"start":{"line":97,"column":28},"end":{"line":97,"column":40}},"36":{"start":{"line":99,"column":21},"end":{"line":99,"column":47}},"37":{"start":{"line":99,"column":48},"end":{"line":99,"column":63}},"38":{"start":{"line":99,"column":64},"end":{"line":99,"column":77}},"39":{"start":{"line":99,"column":78},"end":{"line":99,"column":88}},"40":{"start":{"line":101,"column":4},"end":{"line":101,"column":121}},"41":{"start":{"line":101,"column":48},"end":{"line":101,"column":111}},"42":{"start":{"line":101,"column":112},"end":{"line":101,"column":119}},"43":{"start":{"line":102,"column":4},"end":{"line":102,"column":45}},"44":{"start":{"line":103,"column":4},"end":{"line":103,"column":30}},"45":{"start":{"line":104,"column":4},"end":{"line":104,"column":19}},"46":{"start":{"line":105,"column":4},"end":{"line":105,"column":17}},"47":{"start":{"line":108,"column":2},"end":{"line":120,"column":4}},"48":{"start":{"line":113,"column":74},"end":{"line":113,"column":541}},"49":{"start":{"line":113,"column":120},"end":{"line":113,"column":149}},"50":{"start":{"line":123,"column":15},"end":{"line":177,"column":2}}},"fnMap":{"0":{"name":"InboxScreen","decl":{"start":{"line":22,"column":24},"end":{"line":22,"column":35}},"loc":{"start":{"line":22,"column":38},"end":{"line":69,"column":1}},"line":22},"1":{"name":"updateThread","decl":{"start":{"line":29,"column":11},"end":{"line":29,"column":23}},"loc":{"start":{"line":29,"column":47},"end":{"line":32,"column":3}},"line":29},"2":{"name":"(anonymous_2)","decl":{"start":{"line":30,"column":15},"end":{"line":30,"column":16}},"loc":{"start":{"line":30,"column":35},"end":{"line":30,"column":122}},"line":30},"3":{"name":"(anonymous_3)","decl":{"start":{"line":30,"column":54},"end":{"line":30,"column":55}},"loc":{"start":{"line":30,"column":66},"end":{"line":30,"column":121}},"line":30},"4":{"name":"createThread","decl":{"start":{"line":34,"column":11},"end":{"line":34,"column":23}},"loc":{"start":{"line":34,"column":76},"end":{"line":40,"column":3}},"line":34},"5":{"name":"(anonymous_5)","decl":{"start":{"line":37,"column":15},"end":{"line":37,"column":16}},"loc":{"start":{"line":37,"column":35},"end":{"line":37,"column":62}},"line":37},"6":{"name":"(anonymous_6)","decl":{"start":{"line":47,"column":98},"end":{"line":47,"column":99}},"loc":{"start":{"line":47,"column":104},"end":{"line":47,"column":130}},"line":47},"7":{"name":"(anonymous_7)","decl":{"start":{"line":50,"column":21},"end":{"line":50,"column":22}},"loc":{"start":{"line":51,"column":10},"end":{"line":59,"column":22}},"line":51},"8":{"name":"(anonymous_8)","decl":{"start":{"line":51,"column":46},"end":{"line":51,"column":47}},"loc":{"start":{"line":51,"column":52},"end":{"line":51,"column":75}},"line":51},"9":{"name":"(anonymous_9)","decl":{"start":{"line":51,"column":84},"end":{"line":51,"column":85}},"loc":{"start":{"line":51,"column":101},"end":{"line":51,"column":178}},"line":51},"10":{"name":"(anonymous_10)","decl":{"start":{"line":52,"column":119},"end":{"line":52,"column":120}},"loc":{"start":{"line":52,"column":129},"end":{"line":52,"column":136}},"line":52},"11":{"name":"(anonymous_11)","decl":{"start":{"line":65,"column":62},"end":{"line":65,"column":63}},"loc":{"start":{"line":65,"column":68},"end":{"line":65,"column":89}},"line":65},"12":{"name":"(anonymous_12)","decl":{"start":{"line":66,"column":72},"end":{"line":66,"column":73}},"loc":{"start":{"line":66,"column":78},"end":{"line":66,"column":105}},"line":66},"13":{"name":"ThreadModal","decl":{"start":{"line":71,"column":9},"end":{"line":71,"column":20}},"loc":{"start":{"line":71,"column":157},"end":{"line":92,"column":1}},"line":71},"14":{"name":"sendReply","decl":{"start":{"line":74,"column":11},"end":{"line":74,"column":20}},"loc":{"start":{"line":74,"column":23},"end":{"line":79,"column":3}},"line":74},"15":{"name":"(anonymous_15)","decl":{"start":{"line":86,"column":119},"end":{"line":86,"column":120}},"loc":{"start":{"line":86,"column":132},"end":{"line":86,"column":459}},"line":86},"16":{"name":"NewMessageModal","decl":{"start":{"line":94,"column":9},"end":{"line":94,"column":24}},"loc":{"start":{"line":94,"column":189},"end":{"line":121,"column":1}},"line":94},"17":{"name":"close","decl":{"start":{"line":99,"column":11},"end":{"line":99,"column":16}},"loc":{"start":{"line":99,"column":19},"end":{"line":99,"column":90}},"line":99},"18":{"name":"send","decl":{"start":{"line":100,"column":11},"end":{"line":100,"column":15}},"loc":{"start":{"line":100,"column":18},"end":{"line":106,"column":3}},"line":100},"19":{"name":"(anonymous_19)","decl":{"start":{"line":113,"column":60},"end":{"line":113,"column":61}},"loc":{"start":{"line":113,"column":74},"end":{"line":113,"column":541}},"line":113},"20":{"name":"(anonymous_20)","decl":{"start":{"line":113,"column":114},"end":{"line":113,"column":115}},"loc":{"start":{"line":113,"column":120},"end":{"line":113,"column":149}},"line":113}},"branchMap":{"0":{"loc":{"start":{"line":27,"column":15},"end":{"line":27,"column":45}},"type":"binary-expr","locations":[{"start":{"line":27,"column":15},"end":{"line":27,"column":27}},{"start":{"line":27,"column":31},"end":{"line":27,"column":45}}],"line":27},"1":{"loc":{"start":{"line":30,"column":66},"end":{"line":30,"column":121}},"type":"cond-expr","locations":[{"start":{"line":30,"column":99},"end":{"line":30,"column":112}},{"start":{"line":30,"column":115},"end":{"line":30,"column":121}}],"line":30},"2":{"loc":{"start":{"line":44,"column":101},"end":{"line":44,"column":127}},"type":"binary-expr","locations":[{"start":{"line":44,"column":101},"end":{"line":44,"column":105}},{"start":{"line":44,"column":109},"end":{"line":44,"column":127}}],"line":44},"3":{"loc":{"start":{"line":45,"column":39},"end":{"line":45,"column":66}},"type":"binary-expr","locations":[{"start":{"line":45,"column":39},"end":{"line":45,"column":43}},{"start":{"line":45,"column":47},"end":{"line":45,"column":66}}],"line":45},"4":{"loc":{"start":{"line":49,"column":41},"end":{"line":49,"column":70}},"type":"binary-expr","locations":[{"start":{"line":49,"column":41},"end":{"line":49,"column":45}},{"start":{"line":49,"column":49},"end":{"line":49,"column":70}}],"line":49},"5":{"loc":{"start":{"line":51,"column":121},"end":{"line":51,"column":150}},"type":"binary-expr","locations":[{"start":{"line":51,"column":121},"end":{"line":51,"column":125}},{"start":{"line":51,"column":129},"end":{"line":51,"column":150}}],"line":51},"6":{"loc":{"start":{"line":51,"column":152},"end":{"line":51,"column":177}},"type":"binary-expr","locations":[{"start":{"line":51,"column":152},"end":{"line":51,"column":159}},{"start":{"line":51,"column":163},"end":{"line":51,"column":177}}],"line":51},"7":{"loc":{"start":{"line":58,"column":13},"end":{"line":58,"column":105}},"type":"cond-expr","locations":[{"start":{"line":58,"column":29},"end":{"line":58,"column":98}},{"start":{"line":58,"column":101},"end":{"line":58,"column":105}}],"line":58},"8":{"loc":{"start":{"line":76,"column":4},"end":{"line":76,"column":33}},"type":"if","locations":[{"start":{"line":76,"column":4},"end":{"line":76,"column":33}},{"start":{},"end":{}}],"line":76},"9":{"loc":{"start":{"line":76,"column":8},"end":{"line":76,"column":24}},"type":"binary-expr","locations":[{"start":{"line":76,"column":8},"end":{"line":76,"column":13}},{"start":{"line":76,"column":17},"end":{"line":76,"column":24}}],"line":76},"10":{"loc":{"start":{"line":83,"column":42},"end":{"line":83,"column":74}},"type":"binary-expr","locations":[{"start":{"line":83,"column":42},"end":{"line":83,"column":46}},{"start":{"line":83,"column":50},"end":{"line":83,"column":74}}],"line":83},"11":{"loc":{"start":{"line":83,"column":109},"end":{"line":83,"column":137}},"type":"binary-expr","locations":[{"start":{"line":83,"column":109},"end":{"line":83,"column":113}},{"start":{"line":83,"column":117},"end":{"line":83,"column":137}}],"line":83},"12":{"loc":{"start":{"line":84,"column":9},"end":{"line":88,"column":18}},"type":"cond-expr","locations":[{"start":{"line":84,"column":18},"end":{"line":88,"column":11}},{"start":{"line":88,"column":14},"end":{"line":88,"column":18}}],"line":84},"13":{"loc":{"start":{"line":86,"column":185},"end":{"line":86,"column":260}},"type":"cond-expr","locations":[{"start":{"line":86,"column":216},"end":{"line":86,"column":236}},{"start":{"line":86,"column":239},"end":{"line":86,"column":260}}],"line":86},"14":{"loc":{"start":{"line":86,"column":287},"end":{"line":86,"column":364}},"type":"cond-expr","locations":[{"start":{"line":86,"column":318},"end":{"line":86,"column":339}},{"start":{"line":86,"column":342},"end":{"line":86,"column":364}}],"line":86},"15":{"loc":{"start":{"line":101,"column":4},"end":{"line":101,"column":121}},"type":"if","locations":[{"start":{"line":101,"column":4},"end":{"line":101,"column":121}},{"start":{},"end":{}}],"line":101},"16":{"loc":{"start":{"line":101,"column":8},"end":{"line":101,"column":44}},"type":"binary-expr","locations":[{"start":{"line":101,"column":8},"end":{"line":101,"column":25}},{"start":{"line":101,"column":29},"end":{"line":101,"column":44}}],"line":101},"17":{"loc":{"start":{"line":110,"column":42},"end":{"line":110,"column":74}},"type":"binary-expr","locations":[{"start":{"line":110,"column":42},"end":{"line":110,"column":46}},{"start":{"line":110,"column":50},"end":{"line":110,"column":74}}],"line":110},"18":{"loc":{"start":{"line":110,"column":109},"end":{"line":110,"column":137}},"type":"binary-expr","locations":[{"start":{"line":110,"column":109},"end":{"line":110,"column":113}},{"start":{"line":110,"column":117},"end":{"line":110,"column":137}}],"line":110},"19":{"loc":{"start":{"line":113,"column":182},"end":{"line":113,"column":249}},"type":"binary-expr","locations":[{"start":{"line":113,"column":182},"end":{"line":113,"column":222}},{"start":{"line":113,"column":226},"end":{"line":113,"column":249}}],"line":113},"20":{"loc":{"start":{"line":116,"column":9},"end":{"line":116,"column":102}},"type":"cond-expr","locations":[{"start":{"line":116,"column":17},"end":{"line":116,"column":95}},{"start":{"line":116,"column":98},"end":{"line":116,"column":102}}],"line":116}},"s":{"0":1,"1":1,"2":8,"3":8,"4":8,"5":8,"6":8,"7":1,"8":1,"9":2,"10":1,"11":1,"12":1,"13":1,"14":1,"15":1,"16":1,"17":8,"18":2,"19":17,"20":1,"21":17,"22":34,"23":0,"24":0,"25":9,"26":1,"27":1,"28":0,"29":1,"30":1,"31":9,"32":5,"33":11,"34":11,"35":11,"36":0,"37":0,"38":0,"39":0,"40":2,"41":1,"42":1,"43":1,"44":1,"45":1,"46":1,"47":11,"48":33,"49":1,"50":1},"f":{"0":8,"1":1,"2":1,"3":2,"4":1,"5":1,"6":2,"7":17,"8":1,"9":17,"10":34,"11":0,"12":0,"13":9,"14":1,"15":5,"16":11,"17":0,"18":2,"19":33,"20":1},"b":{"0":[8,0],"1":[1,1],"2":[8,8],"3":[8,8],"4":[8,8],"5":[17,17],"6":[17,0],"7":[7,10],"8":[0,1],"9":[1,1],"10":[9,9],"11":[9,9],"12":[4,5],"13":[2,3],"14":[2,3],"15":[1,1],"16":[2,1],"17":[11,11],"18":[11,11],"19":[33,2],"20":[1,10]},"_coverageSchema":"1a1c01bbd47fc00a2c39e90264f33305004495a9","hash":"f8e5ce7b52569710bd23720c1578ef7bb53de5b2"}
,"C:\\Users\\13016\\CareConnectTeam10React\\src\\theme\\colors.ts": {"path":"C:\\Users\\13016\\CareConnectTeam10React\\src\\theme\\colors.ts","statementMap":{"0":{"start":{"line":4,"column":22},"end":{"line":23,"column":10}}},"fnMap":{},"branchMap":{},"s":{"0":2},"f":{},"b":{},"_coverageSchema":"1a1c01bbd47fc00a2c39e90264f33305004495a9","hash":"e443d6c10e53bc8ebb37774f751f0cd164d67fb1"}
,"C:\\Users\\13016\\CareConnectTeam10React\\src\\theme\\index.ts": {"path":"C:\\Users\\13016\\CareConnectTeam10React\\src\\theme\\index.ts","statementMap":{},"fnMap":{},"branchMap":{},"s":{},"f":{},"b":{},"_coverageSchema":"1a1c01bbd47fc00a2c39e90264f33305004495a9","hash":"cefab1dc663b24bc1ee594e47c6bb8bde5d72087"}
,"C:\\Users\\13016\\CareConnectTeam10React\\src\\theme\\spacing.ts": {"path":"C:\\Users\\13016\\CareConnectTeam10React\\src\\theme\\spacing.ts","statementMap":{"0":{"start":{"line":1,"column":23},"end":{"line":7,"column":10}}},"fnMap":{},"branchMap":{},"s":{"0":2},"f":{},"b":{},"_coverageSchema":"1a1c01bbd47fc00a2c39e90264f33305004495a9","hash":"7c09751044860c15b962c91bffad2a0e7b761859"}
,"C:\\Users\\13016\\CareConnectTeam10React\\src\\utils\\format-date.ts": {"path":"C:\\Users\\13016\\CareConnectTeam10React\\src\\utils\\format-date.ts","statementMap":{"0":{"start":{"line":2,"column":2},"end":{"line":2,"column":76}}},"fnMap":{"0":{"name":"formatDate","decl":{"start":{"line":1,"column":16},"end":{"line":1,"column":26}},"loc":{"start":{"line":1,"column":47},"end":{"line":3,"column":1}},"line":1}},"branchMap":{},"s":{"0":1},"f":{"0":1},"b":{},"_coverageSchema":"1a1c01bbd47fc00a2c39e90264f33305004495a9","hash":"288d8a0f1e5a69a42fd034a1293149b43ea9614b"}
}
