TN:
SF:src\components\app-button.tsx
FN:14,AppButton
FN:26,(anonymous_1)
FNF:2
FNH:2
FNDA:23,AppButton
FNDA:23,(anonymous_1)
DA:21,23
DA:26,23
DA:50,2
LF:3
LH:3
BRDA:18,0,0,18
BRDA:24,1,0,23
BRDA:24,1,1,11
BRDA:28,2,0,23
BRDA:28,2,1,18
BRDA:29,3,0,23
BRDA:29,3,1,5
BRDA:30,4,0,23
BRDA:30,4,1,0
BRDA:31,5,0,23
BRDA:31,5,1,0
BRDA:39,6,0,23
BRDA:39,6,1,18
BRDA:40,7,0,23
BRDA:40,7,1,5
BRDA:41,8,0,23
BRDA:41,8,1,0
BRF:17
BRH:14
end_of_record
TN:
SF:src\components\bottom-nav.tsx
FN:13,BottomNav
FN:19,(anonymous_1)
FN:27,(anonymous_2)
FN:28,(anonymous_3)
FNF:4
FNH:3
FNDA:8,BottomNav
FNDA:32,(anonymous_1)
FNDA:0,(anonymous_2)
FNDA:32,(anonymous_3)
DA:6,1
DA:14,8
DA:15,8
DA:17,8
DA:20,32
DA:21,32
DA:27,0
DA:28,32
DA:43,1
LF:9
LH:8
BRDA:26,0,0,8
BRDA:26,0,1,24
BRDA:28,1,0,32
BRDA:28,1,1,0
BRDA:30,2,0,32
BRDA:30,2,1,8
BRDA:31,3,0,32
BRDA:31,3,1,8
BRDA:33,4,0,32
BRDA:33,4,1,8
BRF:10
BRH:9
end_of_record
TN:
SF:src\screens\inbox.tsx
FN:22,InboxScreen
FN:29,updateThread
FN:30,(anonymous_2)
FN:30,(anonymous_3)
FN:34,createThread
FN:37,(anonymous_5)
FN:47,(anonymous_6)
FN:50,(anonymous_7)
FN:51,(anonymous_8)
FN:51,(anonymous_9)
FN:52,(anonymous_10)
FN:65,(anonymous_11)
FN:66,(anonymous_12)
FN:71,ThreadModal
FN:74,sendReply
FN:86,(anonymous_15)
FN:94,NewMessageModal
FN:99,close
FN:100,send
FN:113,(anonymous_19)
FN:113,(anonymous_20)
FNF:21
FNH:18
FNDA:8,InboxScreen
FNDA:1,updateThread
FNDA:1,(anonymous_2)
FNDA:2,(anonymous_3)
FNDA:1,createThread
FNDA:1,(anonymous_5)
FNDA:2,(anonymous_6)
FNDA:17,(anonymous_7)
FNDA:1,(anonymous_8)
FNDA:17,(anonymous_9)
FNDA:34,(anonymous_10)
FNDA:0,(anonymous_11)
FNDA:0,(anonymous_12)
FNDA:9,ThreadModal
FNDA:1,sendReply
FNDA:5,(anonymous_15)
FNDA:11,NewMessageModal
FNDA:0,close
FNDA:2,send
FNDA:33,(anonymous_19)
FNDA:1,(anonymous_20)
DA:8,1
DA:17,1
DA:23,8
DA:24,8
DA:25,8
DA:26,8
DA:27,8
DA:30,2
DA:31,1
DA:35,1
DA:36,1
DA:37,1
DA:38,1
DA:39,1
DA:42,8
DA:47,2
DA:51,17
DA:52,34
DA:65,0
DA:66,0
DA:72,9
DA:75,1
DA:76,1
DA:77,1
DA:78,1
DA:81,9
DA:86,5
DA:95,11
DA:96,11
DA:97,11
DA:99,0
DA:101,2
DA:102,1
DA:103,1
DA:104,1
DA:105,1
DA:108,11
DA:113,33
DA:123,1
LF:39
LH:36
BRDA:27,0,0,8
BRDA:27,0,1,0
BRDA:30,1,0,1
BRDA:30,1,1,1
BRDA:44,2,0,8
BRDA:44,2,1,8
BRDA:45,3,0,8
BRDA:45,3,1,8
BRDA:49,4,0,8
BRDA:49,4,1,8
BRDA:51,5,0,17
BRDA:51,5,1,17
BRDA:51,6,0,17
BRDA:51,6,1,0
BRDA:58,7,0,7
BRDA:58,7,1,10
BRDA:76,8,0,0
BRDA:76,8,1,1
BRDA:76,9,0,1
BRDA:76,9,1,1
BRDA:83,10,0,9
BRDA:83,10,1,9
BRDA:83,11,0,9
BRDA:83,11,1,9
BRDA:84,12,0,4
BRDA:84,12,1,5
BRDA:86,13,0,2
BRDA:86,13,1,3
BRDA:86,14,0,2
BRDA:86,14,1,3
BRDA:101,15,0,1
BRDA:101,15,1,1
BRDA:101,16,0,2
BRDA:101,16,1,1
BRDA:110,17,0,11
BRDA:110,17,1,11
BRDA:110,18,0,11
BRDA:110,18,1,11
BRDA:113,19,0,33
BRDA:113,19,1,2
BRDA:116,20,0,1
BRDA:116,20,1,10
BRF:42
BRH:39
end_of_record
TN:
SF:src\theme\colors.ts
FNF:0
FNH:0
DA:4,2
LF:1
LH:1
BRF:0
BRH:0
end_of_record
TN:
SF:src\theme\index.ts
FNF:0
FNH:0
LF:0
LH:0
BRF:0
BRH:0
end_of_record
TN:
SF:src\theme\spacing.ts
FNF:0
FNH:0
DA:1,2
LF:1
LH:1
BRF:0
BRH:0
end_of_record
TN:
SF:src\utils\format-date.ts
FN:1,formatDate
FNF:1
FNH:1
FNDA:1,formatDate
DA:2,1
LF:1
LH:1
BRF:0
BRH:0
end_of_record
